<?xml version="1.0" encoding="UTF-8"?>
<testng-results skipped="0" failed="1" ignored="0" total="1" passed="0">
  <reporter-output>
  </reporter-output>
  <suite name="Default suite" duration-ms="60498" started-at="2020-05-28T12:03:01Z" finished-at="2020-05-28T12:04:02Z">
    <groups>
    </groups>
    <test name="Default test" duration-ms="60498" started-at="2020-05-28T12:03:01Z" finished-at="2020-05-28T12:04:02Z">
      <class name="com.vtiger.testScripts.CreateInvoice">
        <test-method status="PASS" signature="configBS()[pri:0, instance:com.vtiger.testScripts.CreateInvoice@57baeedf]" name="configBS" is-config="true" duration-ms="35" started-at="2020-05-28T12:03:01Z" finished-at="2020-05-28T12:03:01Z">
          <reporter-output>
          </reporter-output>
        </test-method> <!-- configBS -->
        <test-method status="PASS" signature="configBC()[pri:0, instance:com.vtiger.testScripts.CreateInvoice@57baeedf]" name="configBC" is-config="true" duration-ms="9051" started-at="2020-05-28T12:03:01Z" finished-at="2020-05-28T12:03:10Z">
          <reporter-output>
          </reporter-output>
        </test-method> <!-- configBC -->
        <test-method status="PASS" signature="congifBM()[pri:0, instance:com.vtiger.testScripts.CreateInvoice@57baeedf]" name="congifBM" is-config="true" duration-ms="6084" started-at="2020-05-28T12:03:10Z" finished-at="2020-05-28T12:03:16Z">
          <reporter-output>
          </reporter-output>
        </test-method> <!-- congifBM -->
        <test-method status="FAIL" signature="createInvoice()[pri:0, instance:com.vtiger.testScripts.CreateInvoice@57baeedf]" name="createInvoice" duration-ms="39291" started-at="2020-05-28T12:03:16Z" finished-at="2020-05-28T12:03:56Z">
          <exception class="java.lang.NullPointerException">
            <full-stacktrace>
              <![CDATA[java.lang.NullPointerException
at com.vtiger.genericLib.FileData.fetchDataFromExcel(FileData.java:32)
at com.vtiger.testScripts.CreateInvoice.createInvoice(CreateInvoice.java:36)
at sun.reflect.NativeMethodAccessorImpl.invoke0(Native Method)
at sun.reflect.NativeMethodAccessorImpl.invoke(Unknown Source)
at sun.reflect.DelegatingMethodAccessorImpl.invoke(Unknown Source)
at java.lang.reflect.Method.invoke(Unknown Source)
at org.testng.internal.MethodInvocationHelper.invokeMethod(MethodInvocationHelper.java:124)
at org.testng.internal.Invoker.invokeMethod(Invoker.java:583)
at org.testng.internal.Invoker.invokeTestMethod(Invoker.java:719)
at org.testng.internal.Invoker.invokeTestMethods(Invoker.java:989)
at org.testng.internal.TestMethodWorker.invokeTestMethods(TestMethodWorker.java:125)
at org.testng.internal.TestMethodWorker.run(TestMethodWorker.java:109)
at org.testng.TestRunner.privateRun(TestRunner.java:648)
at org.testng.TestRunner.run(TestRunner.java:505)
at org.testng.SuiteRunner.runTest(SuiteRunner.java:455)
at org.testng.SuiteRunner.runSequentially(SuiteRunner.java:450)
at org.testng.SuiteRunner.privateRun(SuiteRunner.java:415)
at org.testng.SuiteRunner.run(SuiteRunner.java:364)
at org.testng.SuiteRunnerWorker.runSuite(SuiteRunnerWorker.java:52)
at org.testng.SuiteRunnerWorker.run(SuiteRunnerWorker.java:84)
at org.testng.TestNG.runSuitesSequentially(TestNG.java:1208)
at org.testng.TestNG.runSuitesLocally(TestNG.java:1137)
at org.testng.TestNG.runSuites(TestNG.java:1049)
at org.testng.TestNG.run(TestNG.java:1017)
at org.testng.remote.AbstractRemoteTestNG.run(AbstractRemoteTestNG.java:114)
at org.testng.remote.RemoteTestNG.initAndRun(RemoteTestNG.java:251)
at org.testng.remote.RemoteTestNG.main(RemoteTestNG.java:77)
]]>
            </full-stacktrace>
          </exception> <!-- java.lang.NullPointerException -->
          <reporter-output>
          </reporter-output>
        </test-method> <!-- createInvoice -->
        <test-method status="PASS" signature="congigAM()[pri:0, instance:com.vtiger.testScripts.CreateInvoice@57baeedf]" name="congigAM" is-config="true" duration-ms="4462" started-at="2020-05-28T12:03:56Z" finished-at="2020-05-28T12:04:01Z">
          <reporter-output>
          </reporter-output>
        </test-method> <!-- congigAM -->
        <test-method status="PASS" signature="congifAC()[pri:0, instance:com.vtiger.testScripts.CreateInvoice@57baeedf]" name="congifAC" is-config="true" duration-ms="838" started-at="2020-05-28T12:04:01Z" finished-at="2020-05-28T12:04:02Z">
          <reporter-output>
          </reporter-output>
        </test-method> <!-- congifAC -->
        <test-method status="PASS" signature="configAS()[pri:0, instance:com.vtiger.testScripts.CreateInvoice@57baeedf]" name="configAS" is-config="true" duration-ms="1" started-at="2020-05-28T12:04:02Z" finished-at="2020-05-28T12:04:02Z">
          <reporter-output>
          </reporter-output>
        </test-method> <!-- configAS -->
      </class> <!-- com.vtiger.testScripts.CreateInvoice -->
    </test> <!-- Default test -->
  </suite> <!-- Default suite -->
</testng-results>
